<?xml version="1.0" encoding="UTF-8"?>
<!-- Generated by org.testng.reporters.JUnitXMLReporter -->
<testsuite hostname="Vibhors-MacBook-Pro-2.local" ignored="52" tests="1" failures="1" timestamp="11 Mar 2020 09:28:03 GMT" time="89.884" errors="0">
  <testcase name="uploadtestreportwithotheroption" time="55.842" classname="TestReportTest">
    <failure type="org.openqa.selenium.WebDriverException" message="Method is not implemented
Build info: version: &amp;apos;3.14.0&amp;apos;, revision: &amp;apos;aacccce0&amp;apos;, time: &amp;apos;2018-08-02T20:19:58.91Z&amp;apos;
System info: host: &amp;apos;Vibhors-MacBook-Pro-2.local&amp;apos;, ip: &amp;apos;fe80:0:0:0:876:eabf:1ef7:1723%en0&amp;apos;, os.name: &amp;apos;Mac OS X&amp;apos;, os.arch: &amp;apos;x86_64&amp;apos;, os.version: &amp;apos;10.14.6&amp;apos;, java.version: &amp;apos;1.8.0_241&amp;apos;
Driver info: io.appium.java_client.android.AndroidDriver
Capabilities {appActivity: com.care_pro.activity.Splas..., appPackage: com.care_pro, appWaitPackage: com.care_pro, autoGrantPermissions: true, databaseEnabled: false, desired: {appActivity: com.care_pro.activity.Splas..., appPackage: com.care_pro, appWaitPackage: com.care_pro, autoGrantPermissions: true, deviceName: b2e2d6a3, locationServicesAuthorized: true, newCommandTimeout: 50000, noReset: false, platformName: android, platformVersion: 6.0.1, skipServerInstallation: true}, deviceApiLevel: 23, deviceManufacturer: vivo, deviceModel: vivo 1603, deviceName: b2e2d6a3, deviceScreenDensity: 320, deviceScreenSize: 720x1280, deviceUDID: b2e2d6a3, javascriptEnabled: true, locationContextEnabled: false, locationServicesAuthorized: true, networkConnectionEnabled: true, newCommandTimeout: 50000, noReset: false, pixelRatio: 2, platform: LINUX, platformName: android, platformVersion: 6.0.1, skipServerInstallation: true, statBarHeight: 48, takesScreenshot: true, viewportRect: {height: 1232, left: 0, top: 48, width: 720}, warnings: {}, webStorageEnabled: false}
Session ID: 1619a0d5-bbe6-4872-81ec-b3e2cef33be9">
      <![CDATA[org.openqa.selenium.WebDriverException: Method is not implemented
Build info: version: '3.14.0', revision: 'aacccce0', time: '2018-08-02T20:19:58.91Z'
System info: host: 'Vibhors-MacBook-Pro-2.local', ip: 'fe80:0:0:0:876:eabf:1ef7:1723%en0', os.name: 'Mac OS X', os.arch: 'x86_64', os.version: '10.14.6', java.version: '1.8.0_241'
Driver info: io.appium.java_client.android.AndroidDriver
Capabilities {appActivity: com.care_pro.activity.Splas..., appPackage: com.care_pro, appWaitPackage: com.care_pro, autoGrantPermissions: true, databaseEnabled: false, desired: {appActivity: com.care_pro.activity.Splas..., appPackage: com.care_pro, appWaitPackage: com.care_pro, autoGrantPermissions: true, deviceName: b2e2d6a3, locationServicesAuthorized: true, newCommandTimeout: 50000, noReset: false, platformName: android, platformVersion: 6.0.1, skipServerInstallation: true}, deviceApiLevel: 23, deviceManufacturer: vivo, deviceModel: vivo 1603, deviceName: b2e2d6a3, deviceScreenDensity: 320, deviceScreenSize: 720x1280, deviceUDID: b2e2d6a3, javascriptEnabled: true, locationContextEnabled: false, locationServicesAuthorized: true, networkConnectionEnabled: true, newCommandTimeout: 50000, noReset: false, pixelRatio: 2, platform: LINUX, platformName: android, platformVersion: 6.0.1, skipServerInstallation: true, statBarHeight: 48, takesScreenshot: true, viewportRect: {height: 1232, left: 0, top: 48, width: 720}, warnings: {}, webStorageEnabled: false}
Session ID: 1619a0d5-bbe6-4872-81ec-b3e2cef33be9
at org.openqa.selenium.remote.http.W3CHttpResponseCodec.createException(W3CHttpResponseCodec.java:187)
at org.openqa.selenium.remote.http.W3CHttpResponseCodec.decode(W3CHttpResponseCodec.java:122)
at org.openqa.selenium.remote.http.W3CHttpResponseCodec.decode(W3CHttpResponseCodec.java:49)
at org.openqa.selenium.remote.HttpCommandExecutor.execute(HttpCommandExecutor.java:158)
at io.appium.java_client.remote.AppiumCommandExecutor.execute(AppiumCommandExecutor.java:239)
at org.openqa.selenium.remote.RemoteWebDriver.execute(RemoteWebDriver.java:548)
at io.appium.java_client.DefaultGenericMobileDriver.execute(DefaultGenericMobileDriver.java:41)
at io.appium.java_client.AppiumDriver.execute(AppiumDriver.java:1)
at io.appium.java_client.android.AndroidDriver.execute(AndroidDriver.java:1)
at org.openqa.selenium.remote.RemoteWebDriver.executeScript(RemoteWebDriver.java:485)
at pages.TestReportPage.uploadtestreportwithotheroption(TestReportPage.java:160)
at TestReportTest.uploadtestreportwithotheroption(TestReportTest.java:74)
... Removed 29 stack frames]]>
    </failure>
  </testcase> <!-- uploadtestreportwithotheroption -->
  <testcase name="verifysearch" time="0.0" classname="DoctorAppointmentTest">
    <ignored/>
  </testcase> <!-- verifysearch -->
  <testcase name="negativescenerios_testreport" time="0.0" classname="TestReportTest">
    <ignored/>
  </testcase> <!-- negativescenerios_testreport -->
  <testcase name="forgotpasswordwithvaliddata" time="0.0" classname="ForgotPasswordTest">
    <ignored/>
  </testcase> <!-- forgotpasswordwithvaliddata -->
  <testcase name="makedoctorappointment_doctornotavailable" time="0.0" classname="DoctorAppointmentTest">
    <ignored/>
  </testcase> <!-- makedoctorappointment_doctornotavailable -->
  <testcase name="verifypastdateappointment" time="0.0" classname="DoctorAppointmentTest">
    <ignored/>
  </testcase> <!-- verifypastdateappointment -->
  <testcase name="verifysearch_note" time="0.0" classname="NoteTest">
    <ignored/>
  </testcase> <!-- verifysearch_note -->
  <testcase name="deleteemailsfromtrash" time="0.0" classname="EmailTest">
    <ignored/>
  </testcase> <!-- deleteemailsfromtrash -->
  <testcase name="spritualityvideos" time="0.0" classname="SpritualityTest">
    <ignored/>
  </testcase> <!-- spritualityvideos -->
  <testcase name="addphotofromgallery_fullimage" time="0.0" classname="PhotoTest">
    <ignored/>
  </testcase> <!-- addphotofromgallery_fullimage -->
  <testcase name="addnote" time="0.0" classname="NoteTest">
    <ignored/>
  </testcase> <!-- addnote -->
  <testcase name="deleteemailsfromsent" time="0.0" classname="EmailTest">
    <ignored/>
  </testcase> <!-- deleteemailsfromsent -->
  <testcase name="signup_1" time="0.0" classname="SignupTest">
    <ignored/>
  </testcase> <!-- signup_1 -->
  <testcase name="updatevitalsigns" time="0.0" classname="VitalSignsTest">
    <ignored/>
  </testcase> <!-- updatevitalsigns -->
  <testcase name="signup_2" time="0.0" classname="SignupTest">
    <ignored/>
  </testcase> <!-- signup_2 -->
  <testcase name="loginwithinvalidcredentials" time="0.0" classname="LoginTest">
    <ignored/>
  </testcase> <!-- loginwithinvalidcredentials -->
  <testcase name="updatemusic" time="0.0" classname="MusicTest">
    <ignored/>
  </testcase> <!-- updatemusic -->
  <testcase name="negativescenerios" time="0.0" classname="PhotoTest">
    <ignored/>
  </testcase> <!-- negativescenerios -->
  <testcase name="verifyaddmedicinewithotheroption" time="0.0" classname="MedicineScheduleTest">
    <ignored/>
  </testcase> <!-- verifyaddmedicinewithotheroption -->
  <testcase name="updatenote" time="0.0" classname="NoteTest">
    <ignored/>
  </testcase> <!-- updatenote -->
  <testcase name="selectmusicasfavorite_unfavorite" time="0.0" classname="MusicTest">
    <ignored/>
  </testcase> <!-- selectmusicasfavorite_unfavorite -->
  <testcase name="spritualitymeditation" time="0.0" classname="SpritualityTest">
    <ignored/>
  </testcase> <!-- spritualitymeditation -->
  <testcase name="verifyslidephoto" time="0.0" classname="PhotoTest">
    <ignored/>
  </testcase> <!-- verifyslidephoto -->
  <testcase name="addphotofromgallery_cropimage" time="0.0" classname="PhotoTest">
    <ignored/>
  </testcase> <!-- addphotofromgallery_cropimage -->
  <testcase name="addvitalsigns" time="0.0" classname="VitalSignsTest">
    <ignored/>
  </testcase> <!-- addvitalsigns -->
  <testcase name="forgotpasswordwithinvaliddata" time="0.0" classname="ForgotPasswordTest">
    <ignored/>
  </testcase> <!-- forgotpasswordwithinvaliddata -->
  <testcase name="verifysetreminder" time="0.0" classname="MedicineScheduleTest">
    <ignored/>
  </testcase> <!-- verifysetreminder -->
  <testcase name="picsave_crop" time="0.0" classname="CameraTest">
    <ignored/>
  </testcase> <!-- picsave_crop -->
  <testcase name="verifytwitter" time="0.0" classname="SocialTest">
    <ignored/>
  </testcase> <!-- verifytwitter -->
  <testcase name="deleteemailsfrominbox" time="0.0" classname="EmailTest">
    <ignored/>
  </testcase> <!-- deleteemailsfrominbox -->
  <testcase name="sendemail" time="0.0" classname="EmailTest">
    <ignored/>
  </testcase> <!-- sendemail -->
  <testcase name="note_negativescenerios" time="0.0" classname="NoteTest">
    <ignored/>
  </testcase> <!-- note_negativescenerios -->
  <testcase name="verifyfacebook" time="0.0" classname="SocialTest">
    <ignored/>
  </testcase> <!-- verifyfacebook -->
  <testcase name="picsave_full" time="0.0" classname="CameraTest">
    <ignored/>
  </testcase> <!-- picsave_full -->
  <testcase name="addphotofromcamera_full" time="0.0" classname="PhotoTest">
    <ignored/>
  </testcase> <!-- addphotofromcamera_full -->
  <testcase name="verifyaddmedicine" time="0.0" classname="MedicineScheduleTest">
    <ignored/>
  </testcase> <!-- verifyaddmedicine -->
  <testcase name="verifysearch_update_medicine" time="0.0" classname="MedicineScheduleTest">
    <ignored/>
  </testcase> <!-- verifysearch_update_medicine -->
  <testcase name="addphotofromcamera_crop" time="0.0" classname="PhotoTest">
    <ignored/>
  </testcase> <!-- addphotofromcamera_crop -->
  <testcase name="updatetestreport" time="0.0" classname="TestReportTest">
    <ignored/>
  </testcase> <!-- updatetestreport -->
  <testcase name="makedoctorappointment" time="0.0" classname="DoctorAppointmentTest">
    <ignored/>
  </testcase> <!-- makedoctorappointment -->
  <testcase name="updatearticle" time="0.0" classname="ArticlesTest">
    <ignored/>
  </testcase> <!-- updatearticle -->
  <testcase name="recieveemail" time="0.0" classname="EmailTest">
    <ignored/>
  </testcase> <!-- recieveemail -->
  <testcase name="vitalsigns_negativescenerios" time="0.0" classname="VitalSignsTest">
    <ignored/>
  </testcase> <!-- vitalsigns_negativescenerios -->
  <testcase name="verifysearchfunctionality" time="0.0" classname="VitalSignsTest">
    <ignored/>
  </testcase> <!-- verifysearchfunctionality -->
  <testcase name="addvitalsignsithotheroption" time="0.0" classname="VitalSignsTest">
    <ignored/>
  </testcase> <!-- addvitalsignsithotheroption -->
  <testcase name="uploadtestreport" time="0.0" classname="TestReportTest">
    <ignored/>
  </testcase> <!-- uploadtestreport -->
  <testcase name="getinfo_download" time="0.0" classname="MusicTest">
    <ignored/>
  </testcase> <!-- getinfo_download -->
  <testcase name="addarticle" time="0.0" classname="ArticlesTest">
    <ignored/>
  </testcase> <!-- addarticle -->
  <testcase name="selectarticleasfavorite_unfavorite" time="0.0" classname="ArticlesTest">
    <ignored/>
  </testcase> <!-- selectarticleasfavorite_unfavorite -->
  <testcase name="play_pause" time="0.0" classname="MusicTest">
    <ignored/>
  </testcase> <!-- play_pause -->
  <testcase name="loginwithvalidcredentials" time="0.0" classname="LoginTest">
    <ignored/>
  </testcase> <!-- loginwithvalidcredentials -->
  <testcase name="choosefavoritephoto" time="0.0" classname="PhotoTest">
    <ignored/>
  </testcase> <!-- choosefavoritephoto -->
  <testcase name="addmusic" time="0.0" classname="MusicTest">
    <ignored/>
  </testcase> <!-- addmusic -->
</testsuite>
