<?xml version="1.0" encoding="UTF-8"?>
<testng-results skipped="0" failed="1" ignored="52" total="53" passed="0">
  <reporter-output>
    <line>
      <![CDATA[<a href= '/Users/vibhor/Desktop/CarePro/screenshots/uploadtestreportwithotheroption2020-03-11-02-57-52.png'target='_blank' ><img src='/Users/vibhor/Desktop/CarePro/screenshots/uploadtestreportwithotheroption2020-03-11-02-57-52.png'>uploadtestreportwithotheroption2020-03-11-02-57-52</a>]]>
    </line>
  </reporter-output>
  <suite name="CareProTestSuite" duration-ms="89884" started-at="2020-03-11T09:26:28Z" finished-at="2020-03-11T09:27:58Z">
    <groups>
    </groups>
    <test name="CareProTestCases" duration-ms="89884" started-at="2020-03-11T09:26:28Z" finished-at="2020-03-11T09:27:58Z">
      <class name="ArticlesTest">
        <test-method status="PASS" signature="initialization()[pri:0, instance:ArticlesTest@4f6f416f]" name="initialization" is-config="true" duration-ms="27120" started-at="2020-03-11T09:26:28Z" finished-at="2020-03-11T09:26:55Z">
          <reporter-output>
          </reporter-output>
        </test-method> <!-- initialization -->
        <test-method status="PASS" signature="initialization()[pri:0, instance:DoctorAppointmentTest@14f9390f]" name="initialization" is-config="true" duration-ms="1" started-at="2020-03-11T09:26:55Z" finished-at="2020-03-11T09:26:55Z">
          <reporter-output>
          </reporter-output>
        </test-method> <!-- initialization -->
        <test-method status="PASS" signature="initialization()[pri:0, instance:CameraTest@71e693fa]" name="initialization" is-config="true" duration-ms="0" started-at="2020-03-11T09:26:55Z" finished-at="2020-03-11T09:26:55Z">
          <reporter-output>
          </reporter-output>
        </test-method> <!-- initialization -->
        <test-method status="PASS" signature="initialization()[pri:0, instance:LoginTest@282cb7c7]" name="initialization" is-config="true" duration-ms="1" started-at="2020-03-11T09:26:55Z" finished-at="2020-03-11T09:26:55Z">
          <reporter-output>
          </reporter-output>
        </test-method> <!-- initialization -->
        <test-method status="PASS" signature="initialization()[pri:0, instance:ForgotPasswordTest@7d898981]" name="initialization" is-config="true" duration-ms="0" started-at="2020-03-11T09:26:55Z" finished-at="2020-03-11T09:26:55Z">
          <reporter-output>
          </reporter-output>
        </test-method> <!-- initialization -->
        <test-method status="PASS" signature="initialization()[pri:0, instance:EmailTest@48d61b48]" name="initialization" is-config="true" duration-ms="0" started-at="2020-03-11T09:26:55Z" finished-at="2020-03-11T09:26:55Z">
          <reporter-output>
          </reporter-output>
        </test-method> <!-- initialization -->
        <test-method status="PASS" signature="initialization()[pri:0, instance:MedicineScheduleTest@6c0d7c83]" name="initialization" is-config="true" duration-ms="0" started-at="2020-03-11T09:26:55Z" finished-at="2020-03-11T09:26:55Z">
          <reporter-output>
          </reporter-output>
        </test-method> <!-- initialization -->
        <test-method status="PASS" signature="initialization()[pri:0, instance:MusicTest@3b8f0a79]" name="initialization" is-config="true" duration-ms="1" started-at="2020-03-11T09:26:55Z" finished-at="2020-03-11T09:26:55Z">
          <reporter-output>
          </reporter-output>
        </test-method> <!-- initialization -->
        <test-method status="PASS" signature="initialization()[pri:0, instance:PhotoTest@409c54f]" name="initialization" is-config="true" duration-ms="1" started-at="2020-03-11T09:26:55Z" finished-at="2020-03-11T09:26:55Z">
          <reporter-output>
          </reporter-output>
        </test-method> <!-- initialization -->
        <test-method status="PASS" signature="initialization()[pri:0, instance:NoteTest@5965be2d]" name="initialization" is-config="true" duration-ms="0" started-at="2020-03-11T09:26:55Z" finished-at="2020-03-11T09:26:55Z">
          <reporter-output>
          </reporter-output>
        </test-method> <!-- initialization -->
        <test-method status="PASS" signature="initialization()[pri:0, instance:SpritualityTest@68d279ec]" name="initialization" is-config="true" duration-ms="1" started-at="2020-03-11T09:26:55Z" finished-at="2020-03-11T09:26:55Z">
          <reporter-output>
          </reporter-output>
        </test-method> <!-- initialization -->
        <test-method status="PASS" signature="initialization()[pri:0, instance:SignupTest@5a9f4771]" name="initialization" is-config="true" duration-ms="0" started-at="2020-03-11T09:26:55Z" finished-at="2020-03-11T09:26:55Z">
          <reporter-output>
          </reporter-output>
        </test-method> <!-- initialization -->
        <test-method status="PASS" signature="initialization()[pri:0, instance:SocialTest@258d79be]" name="initialization" is-config="true" duration-ms="0" started-at="2020-03-11T09:26:55Z" finished-at="2020-03-11T09:26:55Z">
          <reporter-output>
          </reporter-output>
        </test-method> <!-- initialization -->
        <test-method status="PASS" signature="initialization()[pri:0, instance:TestReportTest@3e74829]" name="initialization" is-config="true" duration-ms="0" started-at="2020-03-11T09:26:55Z" finished-at="2020-03-11T09:26:55Z">
          <reporter-output>
          </reporter-output>
        </test-method> <!-- initialization -->
        <test-method status="PASS" signature="initialization()[pri:0, instance:VitalSignsTest@176b75f7]" name="initialization" is-config="true" duration-ms="1" started-at="2020-03-11T09:26:55Z" finished-at="2020-03-11T09:26:55Z">
          <reporter-output>
          </reporter-output>
        </test-method> <!-- initialization -->
        <test-method status="PASS" signature="closeDriver(org.testng.ITestContext)[pri:0, instance:ArticlesTest@4f6f416f]" name="closeDriver" is-config="true" duration-ms="1384" started-at="2020-03-11T09:27:56Z" finished-at="2020-03-11T09:27:58Z">
          <params>
            <param index="0">
              <value>
                <![CDATA[org.testng.TestRunner@4aa31ffc]]>
              </value>
            </param>
          </params>
          <reporter-output>
          </reporter-output>
        </test-method> <!-- closeDriver -->
        <test-method status="PASS" signature="closeDriver(org.testng.ITestContext)[pri:0, instance:CameraTest@71e693fa]" name="closeDriver" is-config="true" duration-ms="53" started-at="2020-03-11T09:27:58Z" finished-at="2020-03-11T09:27:58Z">
          <params>
            <param index="0">
              <value>
                <![CDATA[org.testng.TestRunner@4aa31ffc]]>
              </value>
            </param>
          </params>
          <reporter-output>
          </reporter-output>
        </test-method> <!-- closeDriver -->
        <test-method status="PASS" signature="closeDriver(org.testng.ITestContext)[pri:0, instance:DoctorAppointmentTest@14f9390f]" name="closeDriver" is-config="true" duration-ms="49" started-at="2020-03-11T09:27:58Z" finished-at="2020-03-11T09:27:58Z">
          <params>
            <param index="0">
              <value>
                <![CDATA[org.testng.TestRunner@4aa31ffc]]>
              </value>
            </param>
          </params>
          <reporter-output>
          </reporter-output>
        </test-method> <!-- closeDriver -->
        <test-method status="PASS" signature="closeDriver(org.testng.ITestContext)[pri:0, instance:EmailTest@48d61b48]" name="closeDriver" is-config="true" duration-ms="43" started-at="2020-03-11T09:27:58Z" finished-at="2020-03-11T09:27:58Z">
          <params>
            <param index="0">
              <value>
                <![CDATA[org.testng.TestRunner@4aa31ffc]]>
              </value>
            </param>
          </params>
          <reporter-output>
          </reporter-output>
        </test-method> <!-- closeDriver -->
        <test-method status="PASS" signature="closeDriver(org.testng.ITestContext)[pri:0, instance:ForgotPasswordTest@7d898981]" name="closeDriver" is-config="true" duration-ms="56" started-at="2020-03-11T09:27:58Z" finished-at="2020-03-11T09:27:58Z">
          <params>
            <param index="0">
              <value>
                <![CDATA[org.testng.TestRunner@4aa31ffc]]>
              </value>
            </param>
          </params>
          <reporter-output>
          </reporter-output>
        </test-method> <!-- closeDriver -->
        <test-method status="PASS" signature="closeDriver(org.testng.ITestContext)[pri:0, instance:LoginTest@282cb7c7]" name="closeDriver" is-config="true" duration-ms="38" started-at="2020-03-11T09:27:58Z" finished-at="2020-03-11T09:27:58Z">
          <params>
            <param index="0">
              <value>
                <![CDATA[org.testng.TestRunner@4aa31ffc]]>
              </value>
            </param>
          </params>
          <reporter-output>
          </reporter-output>
        </test-method> <!-- closeDriver -->
        <test-method status="PASS" signature="closeDriver(org.testng.ITestContext)[pri:0, instance:MedicineScheduleTest@6c0d7c83]" name="closeDriver" is-config="true" duration-ms="37" started-at="2020-03-11T09:27:58Z" finished-at="2020-03-11T09:27:58Z">
          <params>
            <param index="0">
              <value>
                <![CDATA[org.testng.TestRunner@4aa31ffc]]>
              </value>
            </param>
          </params>
          <reporter-output>
          </reporter-output>
        </test-method> <!-- closeDriver -->
        <test-method status="PASS" signature="closeDriver(org.testng.ITestContext)[pri:0, instance:MusicTest@3b8f0a79]" name="closeDriver" is-config="true" duration-ms="33" started-at="2020-03-11T09:27:58Z" finished-at="2020-03-11T09:27:58Z">
          <params>
            <param index="0">
              <value>
                <![CDATA[org.testng.TestRunner@4aa31ffc]]>
              </value>
            </param>
          </params>
          <reporter-output>
          </reporter-output>
        </test-method> <!-- closeDriver -->
        <test-method status="PASS" signature="closeDriver(org.testng.ITestContext)[pri:0, instance:NoteTest@5965be2d]" name="closeDriver" is-config="true" duration-ms="53" started-at="2020-03-11T09:27:58Z" finished-at="2020-03-11T09:27:58Z">
          <params>
            <param index="0">
              <value>
                <![CDATA[org.testng.TestRunner@4aa31ffc]]>
              </value>
            </param>
          </params>
          <reporter-output>
          </reporter-output>
        </test-method> <!-- closeDriver -->
        <test-method status="PASS" signature="closeDriver(org.testng.ITestContext)[pri:0, instance:PhotoTest@409c54f]" name="closeDriver" is-config="true" duration-ms="33" started-at="2020-03-11T09:27:58Z" finished-at="2020-03-11T09:27:58Z">
          <params>
            <param index="0">
              <value>
                <![CDATA[org.testng.TestRunner@4aa31ffc]]>
              </value>
            </param>
          </params>
          <reporter-output>
          </reporter-output>
        </test-method> <!-- closeDriver -->
        <test-method status="PASS" signature="closeDriver(org.testng.ITestContext)[pri:0, instance:SignupTest@5a9f4771]" name="closeDriver" is-config="true" duration-ms="41" started-at="2020-03-11T09:27:58Z" finished-at="2020-03-11T09:27:58Z">
          <params>
            <param index="0">
              <value>
                <![CDATA[org.testng.TestRunner@4aa31ffc]]>
              </value>
            </param>
          </params>
          <reporter-output>
          </reporter-output>
        </test-method> <!-- closeDriver -->
        <test-method status="PASS" signature="closeDriver(org.testng.ITestContext)[pri:0, instance:SocialTest@258d79be]" name="closeDriver" is-config="true" duration-ms="34" started-at="2020-03-11T09:27:58Z" finished-at="2020-03-11T09:27:58Z">
          <params>
            <param index="0">
              <value>
                <![CDATA[org.testng.TestRunner@4aa31ffc]]>
              </value>
            </param>
          </params>
          <reporter-output>
          </reporter-output>
        </test-method> <!-- closeDriver -->
        <test-method status="PASS" signature="closeDriver(org.testng.ITestContext)[pri:0, instance:SpritualityTest@68d279ec]" name="closeDriver" is-config="true" duration-ms="32" started-at="2020-03-11T09:27:58Z" finished-at="2020-03-11T09:27:58Z">
          <params>
            <param index="0">
              <value>
                <![CDATA[org.testng.TestRunner@4aa31ffc]]>
              </value>
            </param>
          </params>
          <reporter-output>
          </reporter-output>
        </test-method> <!-- closeDriver -->
        <test-method status="PASS" signature="closeDriver(org.testng.ITestContext)[pri:0, instance:TestReportTest@3e74829]" name="closeDriver" is-config="true" duration-ms="43" started-at="2020-03-11T09:27:58Z" finished-at="2020-03-11T09:27:58Z">
          <params>
            <param index="0">
              <value>
                <![CDATA[org.testng.TestRunner@4aa31ffc]]>
              </value>
            </param>
          </params>
          <reporter-output>
          </reporter-output>
        </test-method> <!-- closeDriver -->
        <test-method status="PASS" signature="closeDriver(org.testng.ITestContext)[pri:0, instance:VitalSignsTest@176b75f7]" name="closeDriver" is-config="true" duration-ms="44" started-at="2020-03-11T09:27:58Z" finished-at="2020-03-11T09:27:58Z">
          <params>
            <param index="0">
              <value>
                <![CDATA[org.testng.TestRunner@4aa31ffc]]>
              </value>
            </param>
          </params>
          <reporter-output>
          </reporter-output>
        </test-method> <!-- closeDriver -->
      </class> <!-- ArticlesTest -->
      <class name="TestReportTest">
        <test-method status="FAIL" signature="uploadtestreportwithotheroption()[pri:2, instance:TestReportTest@3e74829]" name="uploadtestreportwithotheroption" duration-ms="55842" started-at="2020-03-11T09:26:55Z" finished-at="2020-03-11T09:27:51Z">
          <exception class="org.openqa.selenium.WebDriverException">
            <message>
              <![CDATA[Method is not implemented
Build info: version: '3.14.0', revision: 'aacccce0', time: '2018-08-02T20:19:58.91Z'
System info: host: 'Vibhors-MacBook-Pro-2.local', ip: 'fe80:0:0:0:876:eabf:1ef7:1723%en0', os.name: 'Mac OS X', os.arch: 'x86_64', os.version: '10.14.6', java.version: '1.8.0_241'
Driver info: io.appium.java_client.android.AndroidDriver
Capabilities {appActivity: com.care_pro.activity.Splas..., appPackage: com.care_pro, appWaitPackage: com.care_pro, autoGrantPermissions: true, databaseEnabled: false, desired: {appActivity: com.care_pro.activity.Splas..., appPackage: com.care_pro, appWaitPackage: com.care_pro, autoGrantPermissions: true, deviceName: b2e2d6a3, locationServicesAuthorized: true, newCommandTimeout: 50000, noReset: false, platformName: android, platformVersion: 6.0.1, skipServerInstallation: true}, deviceApiLevel: 23, deviceManufacturer: vivo, deviceModel: vivo 1603, deviceName: b2e2d6a3, deviceScreenDensity: 320, deviceScreenSize: 720x1280, deviceUDID: b2e2d6a3, javascriptEnabled: true, locationContextEnabled: false, locationServicesAuthorized: true, networkConnectionEnabled: true, newCommandTimeout: 50000, noReset: false, pixelRatio: 2, platform: LINUX, platformName: android, platformVersion: 6.0.1, skipServerInstallation: true, statBarHeight: 48, takesScreenshot: true, viewportRect: {height: 1232, left: 0, top: 48, width: 720}, warnings: {}, webStorageEnabled: false}
Session ID: 1619a0d5-bbe6-4872-81ec-b3e2cef33be9]]>
            </message>
            <full-stacktrace>
              <![CDATA[org.openqa.selenium.WebDriverException: Method is not implemented
Build info: version: '3.14.0', revision: 'aacccce0', time: '2018-08-02T20:19:58.91Z'
System info: host: 'Vibhors-MacBook-Pro-2.local', ip: 'fe80:0:0:0:876:eabf:1ef7:1723%en0', os.name: 'Mac OS X', os.arch: 'x86_64', os.version: '10.14.6', java.version: '1.8.0_241'
Driver info: io.appium.java_client.android.AndroidDriver
Capabilities {appActivity: com.care_pro.activity.Splas..., appPackage: com.care_pro, appWaitPackage: com.care_pro, autoGrantPermissions: true, databaseEnabled: false, desired: {appActivity: com.care_pro.activity.Splas..., appPackage: com.care_pro, appWaitPackage: com.care_pro, autoGrantPermissions: true, deviceName: b2e2d6a3, locationServicesAuthorized: true, newCommandTimeout: 50000, noReset: false, platformName: android, platformVersion: 6.0.1, skipServerInstallation: true}, deviceApiLevel: 23, deviceManufacturer: vivo, deviceModel: vivo 1603, deviceName: b2e2d6a3, deviceScreenDensity: 320, deviceScreenSize: 720x1280, deviceUDID: b2e2d6a3, javascriptEnabled: true, locationContextEnabled: false, locationServicesAuthorized: true, networkConnectionEnabled: true, newCommandTimeout: 50000, noReset: false, pixelRatio: 2, platform: LINUX, platformName: android, platformVersion: 6.0.1, skipServerInstallation: true, statBarHeight: 48, takesScreenshot: true, viewportRect: {height: 1232, left: 0, top: 48, width: 720}, warnings: {}, webStorageEnabled: false}
Session ID: 1619a0d5-bbe6-4872-81ec-b3e2cef33be9
at sun.reflect.NativeConstructorAccessorImpl.newInstance0(Native Method)
at sun.reflect.NativeConstructorAccessorImpl.newInstance(NativeConstructorAccessorImpl.java:62)
at sun.reflect.DelegatingConstructorAccessorImpl.newInstance(DelegatingConstructorAccessorImpl.java:45)
at java.lang.reflect.Constructor.newInstance(Constructor.java:423)
at org.openqa.selenium.remote.http.W3CHttpResponseCodec.createException(W3CHttpResponseCodec.java:187)
at org.openqa.selenium.remote.http.W3CHttpResponseCodec.decode(W3CHttpResponseCodec.java:122)
at org.openqa.selenium.remote.http.W3CHttpResponseCodec.decode(W3CHttpResponseCodec.java:49)
at org.openqa.selenium.remote.HttpCommandExecutor.execute(HttpCommandExecutor.java:158)
at io.appium.java_client.remote.AppiumCommandExecutor.execute(AppiumCommandExecutor.java:239)
at org.openqa.selenium.remote.RemoteWebDriver.execute(RemoteWebDriver.java:548)
at io.appium.java_client.DefaultGenericMobileDriver.execute(DefaultGenericMobileDriver.java:41)
at io.appium.java_client.AppiumDriver.execute(AppiumDriver.java:1)
at io.appium.java_client.android.AndroidDriver.execute(AndroidDriver.java:1)
at org.openqa.selenium.remote.RemoteWebDriver.executeScript(RemoteWebDriver.java:485)
at pages.TestReportPage.uploadtestreportwithotheroption(TestReportPage.java:160)
at TestReportTest.uploadtestreportwithotheroption(TestReportTest.java:74)
at sun.reflect.NativeMethodAccessorImpl.invoke0(Native Method)
at sun.reflect.NativeMethodAccessorImpl.invoke(NativeMethodAccessorImpl.java:62)
at sun.reflect.DelegatingMethodAccessorImpl.invoke(DelegatingMethodAccessorImpl.java:43)
at java.lang.reflect.Method.invoke(Method.java:498)
at org.testng.internal.MethodInvocationHelper.invokeMethod(MethodInvocationHelper.java:124)
at org.testng.internal.Invoker.invokeMethod(Invoker.java:583)
at org.testng.internal.Invoker.invokeTestMethod(Invoker.java:719)
at org.testng.internal.Invoker.invokeTestMethods(Invoker.java:989)
at org.testng.internal.TestMethodWorker.invokeTestMethods(TestMethodWorker.java:125)
at org.testng.internal.TestMethodWorker.run(TestMethodWorker.java:109)
at org.testng.TestRunner.privateRun(TestRunner.java:648)
at org.testng.TestRunner.run(TestRunner.java:505)
at org.testng.SuiteRunner.runTest(SuiteRunner.java:455)
at org.testng.SuiteRunner.runSequentially(SuiteRunner.java:450)
at org.testng.SuiteRunner.privateRun(SuiteRunner.java:415)
at org.testng.SuiteRunner.run(SuiteRunner.java:364)
at org.testng.SuiteRunnerWorker.runSuite(SuiteRunnerWorker.java:52)
at org.testng.SuiteRunnerWorker.run(SuiteRunnerWorker.java:84)
at org.testng.TestNG.runSuitesSequentially(TestNG.java:1208)
at org.testng.TestNG.runSuitesLocally(TestNG.java:1137)
at org.testng.TestNG.runSuites(TestNG.java:1049)
at org.testng.TestNG.run(TestNG.java:1017)
at org.testng.remote.AbstractRemoteTestNG.run(AbstractRemoteTestNG.java:115)
at org.testng.remote.RemoteTestNG.initAndRun(RemoteTestNG.java:251)
at org.testng.remote.RemoteTestNG.main(RemoteTestNG.java:77)
]]>
            </full-stacktrace>
          </exception> <!-- org.openqa.selenium.WebDriverException -->
          <reporter-output>
            <line>
              <![CDATA[<a href= '/Users/vibhor/Desktop/CarePro/screenshots/uploadtestreportwithotheroption2020-03-11-02-57-52.png'target='_blank' ><img src='/Users/vibhor/Desktop/CarePro/screenshots/uploadtestreportwithotheroption2020-03-11-02-57-52.png'>uploadtestreportwithotheroption2020-03-11-02-57-52</a>]]>
            </line>
          </reporter-output>
        </test-method> <!-- uploadtestreportwithotheroption -->
      </class> <!-- TestReportTest -->
    </test> <!-- CareProTestCases -->
  </suite> <!-- CareProTestSuite -->
</testng-results>
