<?xml version="1.0" encoding="UTF-8"?>
<!-- Generated by org.testng.reporters.JUnitXMLReporter -->
<testsuite hostname="Vibhor-Agarwal" ignored="2" tests="6" failures="4" timestamp="22 Jul 2019 10:14:44 GMT" time="378.644" errors="0">
  <testcase name="loginTest" time="70.519" classname="DemoTest">
    <skipped/>
  </testcase> <!-- loginTest -->
  <testcase name="loginTest" time="0.001" classname="DemoTest">
    <failure type="java.lang.IllegalArgumentException" message="wrong number of arguments">
      <![CDATA[java.lang.IllegalArgumentException: wrong number of arguments
... Removed 25 stack frames]]>
    </failure>
  </testcase> <!-- loginTest -->
  <testcase name="loginTest" time="80.07" classname="DemoTest">
    <failure type="br.eti.kinoshita.testlinkjavaapi.util.TestLinkAPIException" message="The status code (n) provided is not valid!">
      <![CDATA[br.eti.kinoshita.testlinkjavaapi.util.TestLinkAPIException: The status code (n) provided is not valid!
at br.eti.kinoshita.testlinkjavaapi.BaseService.checkResponseError(BaseService.java:105)
at br.eti.kinoshita.testlinkjavaapi.BaseService.executeXmlRpcCall(BaseService.java:84)
at br.eti.kinoshita.testlinkjavaapi.TestCaseService.reportTCResult(TestCaseService.java:611)
at br.eti.kinoshita.testlinkjavaapi.TestLinkAPI.setTestCaseExecutionResult(TestLinkAPI.java:1034)
at utils.TestLinkUtil.setResult(TestLinkUtil.java:28)
at listener.TestListener.onTestSkipped(TestListener.java:87)
... Removed 22 stack frames]]>
    </failure>
  </testcase> <!-- loginTest -->
  <testcase name="loginTest1" time="278.246" classname="DemoTest">
    <skipped/>
  </testcase> <!-- loginTest1 -->
  <testcase name="loginTest1" time="0.001" classname="DemoTest">
    <failure type="java.lang.IllegalArgumentException" message="wrong number of arguments">
      <![CDATA[java.lang.IllegalArgumentException: wrong number of arguments
... Removed 25 stack frames]]>
    </failure>
  </testcase> <!-- loginTest1 -->
  <testcase name="loginTest1" time="288.4" classname="DemoTest">
    <failure type="br.eti.kinoshita.testlinkjavaapi.util.TestLinkAPIException" message="The status code (n) provided is not valid!">
      <![CDATA[br.eti.kinoshita.testlinkjavaapi.util.TestLinkAPIException: The status code (n) provided is not valid!
at br.eti.kinoshita.testlinkjavaapi.BaseService.checkResponseError(BaseService.java:105)
at br.eti.kinoshita.testlinkjavaapi.BaseService.executeXmlRpcCall(BaseService.java:84)
at br.eti.kinoshita.testlinkjavaapi.TestCaseService.reportTCResult(TestCaseService.java:611)
at br.eti.kinoshita.testlinkjavaapi.TestLinkAPI.setTestCaseExecutionResult(TestLinkAPI.java:1034)
at utils.TestLinkUtil.setResult(TestLinkUtil.java:28)
at listener.TestListener.onTestSkipped(TestListener.java:87)
... Removed 22 stack frames]]>
    </failure>
  </testcase> <!-- loginTest1 -->
  <testcase name="@AfterSuite tearDownSuite" time="0.0" classname="base.TestBase">
    <ignored/>
  </testcase> <!-- @AfterSuite tearDownSuite -->
  <testcase name="@BeforeSuite before" time="0.0" classname="base.TestBase">
    <ignored/>
  </testcase> <!-- @BeforeSuite before -->
</testsuite>
