<?xml version="1.0" encoding="UTF-8"?>
<!-- Generated by org.testng.reporters.JUnitXMLReporter -->
<testsuite hostname="Vibhors-MacBook-Pro.local" ignored="2" tests="2" failures="2" timestamp="07 Feb 2020 06:26:36 GMT" time="20.219" errors="0">
  <testcase name="logout" time="0.161" classname="SignupTest">
    <failure type="java.lang.IllegalArgumentException" message="Step-1: User failed to logout !!">
      <![CDATA[java.lang.IllegalArgumentException: Step-1: User failed to logout !!
at org.springframework.util.Assert.isTrue(Assert.java:118)
at SignupTest.logout(SignupTest.java:69)
... Removed 25 stack frames]]>
    </failure>
  </testcase> <!-- logout -->
  <testcase name="loginwithpasswordTest" time="0.003" classname="LoginTest">
    <failure type="java.lang.NullPointerException">
      <![CDATA[java.lang.NullPointerException
at LoginTest.loginwithpasswordTest(LoginTest.java:47)
... Removed 25 stack frames]]>
    </failure>
  </testcase> <!-- loginwithpasswordTest -->
  <testcase name="eulaDeclineTest" time="0.0" classname="SignupTest">
    <ignored/>
  </testcase> <!-- eulaDeclineTest -->
  <testcase name="eulaAcceptTest" time="0.0" classname="SignupTest">
    <ignored/>
  </testcase> <!-- eulaAcceptTest -->
</testsuite>
