<?xml version="1.0" encoding="UTF-8"?>
<testng-results skipped="0" failed="2" ignored="2" total="4" passed="0">
  <reporter-output>
    <line>
      <![CDATA[<a href= '/Users/vibhor/TGAF_Mobile/screenshots/logout2020-02-07-11-56-21.png'target='_blank' ><img src='/Users/vibhor/TGAF_Mobile/screenshots/logout2020-02-07-11-56-21.png'>logout2020-02-07-11-56-21</a>]]>
    </line>
    <line>
      <![CDATA[<a href= '/Users/vibhor/TGAF_Mobile/screenshots/loginwithpasswordTest2020-02-07-11-56-26.png'target='_blank' ><img src='/Users/vibhor/TGAF_Mobile/screenshots/loginwithpasswordTest2020-02-07-11-56-26.png'>loginwithpasswordTest2020-02-07-11-56-26</a>]]>
    </line>
  </reporter-output>
  <suite name="DemoTestSuite" duration-ms="20219" started-at="2020-02-07T06:26:11Z" finished-at="2020-02-07T06:26:31Z">
    <groups>
    </groups>
    <test name="DemoTestTab" duration-ms="20219" started-at="2020-02-07T06:26:11Z" finished-at="2020-02-07T06:26:31Z">
      <class name="SignupTest">
        <test-method status="PASS" signature="initialization()[pri:0, instance:SignupTest@2b662a77]" name="initialization" is-config="true" duration-ms="10408" started-at="2020-02-07T06:26:11Z" finished-at="2020-02-07T06:26:21Z">
          <reporter-output>
          </reporter-output>
        </test-method> <!-- initialization -->
        <test-method status="PASS" signature="initialization()[pri:0, instance:LoginTest@7f0eb4b4]" name="initialization" is-config="true" duration-ms="0" started-at="2020-02-07T06:26:21Z" finished-at="2020-02-07T06:26:21Z">
          <reporter-output>
          </reporter-output>
        </test-method> <!-- initialization -->
        <test-method status="FAIL" signature="logout()[pri:0, instance:SignupTest@2b662a77]" name="logout" duration-ms="161" started-at="2020-02-07T06:26:21Z" finished-at="2020-02-07T06:26:21Z">
          <exception class="java.lang.IllegalArgumentException">
            <message>
              <![CDATA[Step-1: User failed to logout !!]]>
            </message>
            <full-stacktrace>
              <![CDATA[java.lang.IllegalArgumentException: Step-1: User failed to logout !!
at org.springframework.util.Assert.isTrue(Assert.java:118)
at SignupTest.logout(SignupTest.java:69)
at sun.reflect.NativeMethodAccessorImpl.invoke0(Native Method)
at sun.reflect.NativeMethodAccessorImpl.invoke(NativeMethodAccessorImpl.java:62)
at sun.reflect.DelegatingMethodAccessorImpl.invoke(DelegatingMethodAccessorImpl.java:43)
at java.lang.reflect.Method.invoke(Method.java:498)
at org.testng.internal.MethodInvocationHelper.invokeMethod(MethodInvocationHelper.java:124)
at org.testng.internal.Invoker.invokeMethod(Invoker.java:583)
at org.testng.internal.Invoker.invokeTestMethod(Invoker.java:719)
at org.testng.internal.Invoker.invokeTestMethods(Invoker.java:989)
at org.testng.internal.TestMethodWorker.invokeTestMethods(TestMethodWorker.java:125)
at org.testng.internal.TestMethodWorker.run(TestMethodWorker.java:109)
at org.testng.TestRunner.privateRun(TestRunner.java:648)
at org.testng.TestRunner.run(TestRunner.java:505)
at org.testng.SuiteRunner.runTest(SuiteRunner.java:455)
at org.testng.SuiteRunner.runSequentially(SuiteRunner.java:450)
at org.testng.SuiteRunner.privateRun(SuiteRunner.java:415)
at org.testng.SuiteRunner.run(SuiteRunner.java:364)
at org.testng.SuiteRunnerWorker.runSuite(SuiteRunnerWorker.java:52)
at org.testng.SuiteRunnerWorker.run(SuiteRunnerWorker.java:84)
at org.testng.TestNG.runSuitesSequentially(TestNG.java:1208)
at org.testng.TestNG.runSuitesLocally(TestNG.java:1137)
at org.testng.TestNG.runSuites(TestNG.java:1049)
at org.testng.TestNG.run(TestNG.java:1017)
at org.testng.remote.AbstractRemoteTestNG.run(AbstractRemoteTestNG.java:114)
at org.testng.remote.RemoteTestNG.initAndRun(RemoteTestNG.java:251)
at org.testng.remote.RemoteTestNG.main(RemoteTestNG.java:77)
]]>
            </full-stacktrace>
          </exception> <!-- java.lang.IllegalArgumentException -->
          <reporter-output>
            <line>
              <![CDATA[<a href= '/Users/vibhor/TGAF_Mobile/screenshots/logout2020-02-07-11-56-21.png'target='_blank' ><img src='/Users/vibhor/TGAF_Mobile/screenshots/logout2020-02-07-11-56-21.png'>logout2020-02-07-11-56-21</a>]]>
            </line>
          </reporter-output>
        </test-method> <!-- logout -->
        <test-method status="PASS" signature="closeDriver(org.testng.ITestContext)[pri:0, instance:SignupTest@2b662a77]" name="closeDriver" is-config="true" duration-ms="302" started-at="2020-02-07T06:26:30Z" finished-at="2020-02-07T06:26:31Z">
          <params>
            <param index="0">
              <value>
                <![CDATA[org.testng.TestRunner@6ca320ab]]>
              </value>
            </param>
          </params>
          <reporter-output>
          </reporter-output>
        </test-method> <!-- closeDriver -->
        <test-method status="PASS" signature="closeDriver(org.testng.ITestContext)[pri:0, instance:LoginTest@7f0eb4b4]" name="closeDriver" is-config="true" duration-ms="47" started-at="2020-02-07T06:26:31Z" finished-at="2020-02-07T06:26:31Z">
          <params>
            <param index="0">
              <value>
                <![CDATA[org.testng.TestRunner@6ca320ab]]>
              </value>
            </param>
          </params>
          <reporter-output>
          </reporter-output>
        </test-method> <!-- closeDriver -->
      </class> <!-- SignupTest -->
      <class name="LoginTest">
        <test-method status="FAIL" signature="loginwithpasswordTest()[pri:0, instance:LoginTest@7f0eb4b4]" name="loginwithpasswordTest" duration-ms="3" started-at="2020-02-07T06:26:26Z" finished-at="2020-02-07T06:26:26Z">
          <exception class="java.lang.NullPointerException">
            <full-stacktrace>
              <![CDATA[java.lang.NullPointerException
at LoginTest.loginwithpasswordTest(LoginTest.java:47)
at sun.reflect.NativeMethodAccessorImpl.invoke0(Native Method)
at sun.reflect.NativeMethodAccessorImpl.invoke(NativeMethodAccessorImpl.java:62)
at sun.reflect.DelegatingMethodAccessorImpl.invoke(DelegatingMethodAccessorImpl.java:43)
at java.lang.reflect.Method.invoke(Method.java:498)
at org.testng.internal.MethodInvocationHelper.invokeMethod(MethodInvocationHelper.java:124)
at org.testng.internal.Invoker.invokeMethod(Invoker.java:583)
at org.testng.internal.Invoker.invokeTestMethod(Invoker.java:719)
at org.testng.internal.Invoker.invokeTestMethods(Invoker.java:989)
at org.testng.internal.TestMethodWorker.invokeTestMethods(TestMethodWorker.java:125)
at org.testng.internal.TestMethodWorker.run(TestMethodWorker.java:109)
at org.testng.TestRunner.privateRun(TestRunner.java:648)
at org.testng.TestRunner.run(TestRunner.java:505)
at org.testng.SuiteRunner.runTest(SuiteRunner.java:455)
at org.testng.SuiteRunner.runSequentially(SuiteRunner.java:450)
at org.testng.SuiteRunner.privateRun(SuiteRunner.java:415)
at org.testng.SuiteRunner.run(SuiteRunner.java:364)
at org.testng.SuiteRunnerWorker.runSuite(SuiteRunnerWorker.java:52)
at org.testng.SuiteRunnerWorker.run(SuiteRunnerWorker.java:84)
at org.testng.TestNG.runSuitesSequentially(TestNG.java:1208)
at org.testng.TestNG.runSuitesLocally(TestNG.java:1137)
at org.testng.TestNG.runSuites(TestNG.java:1049)
at org.testng.TestNG.run(TestNG.java:1017)
at org.testng.remote.AbstractRemoteTestNG.run(AbstractRemoteTestNG.java:114)
at org.testng.remote.RemoteTestNG.initAndRun(RemoteTestNG.java:251)
at org.testng.remote.RemoteTestNG.main(RemoteTestNG.java:77)
]]>
            </full-stacktrace>
          </exception> <!-- java.lang.NullPointerException -->
          <reporter-output>
            <line>
              <![CDATA[<a href= '/Users/vibhor/TGAF_Mobile/screenshots/loginwithpasswordTest2020-02-07-11-56-26.png'target='_blank' ><img src='/Users/vibhor/TGAF_Mobile/screenshots/loginwithpasswordTest2020-02-07-11-56-26.png'>loginwithpasswordTest2020-02-07-11-56-26</a>]]>
            </line>
          </reporter-output>
        </test-method> <!-- loginwithpasswordTest -->
      </class> <!-- LoginTest -->
    </test> <!-- DemoTestTab -->
  </suite> <!-- DemoTestSuite -->
</testng-results>
